<?xml version="1.0" encoding="UTF-8"?>
<!-- Generated by org.testng.reporters.JUnitXMLReporter -->
<testsuite ignored="0" hostname="DESKTOP-B747MDQ" failures="0" tests="9" name="Default test" time="8.112" errors="0" timestamp="2025-04-23T18:38:35 IST">
  <testcase classname="testCases.LoginDataTest" name="getLogin" time="0.025"/>
  <testcase classname="testCases.LoginDataTest" name="getLogin" time="0.012"/>
  <testcase classname="testCases.LoginDataTest" name="getLogin" time="0.005"/>
  <testcase classname="testCases.LoginDataTest" name="getLogin" time="0.005"/>
  <testcase classname="testCases.LoginDataTest" name="getLogin" time="0.003"/>
  <testcase classname="testCases.LoginDataTest" name="getLogin" time="0.004"/>
  <testcase classname="testCases.LoginDataTest" name="getLogin" time="0.003"/>
  <testcase classname="testCases.LoginDataTest" name="getLogin" time="0.015"/>
  <testcase classname="testCases.LoginDataTest" name="getLogin" time="0.01"/>
</testsuite> <!-- Default test -->
