<?xml version="1.0" encoding="UTF-8"?>
<!-- Generated by org.testng.reporters.JUnitXMLReporter -->
<testsuite ignored="1" hostname="DESKTOP-B747MDQ" failures="1" tests="1" name="Test" time="0.171" errors="0" timestamp="2025-04-18T13:59:23 IST">
  <testcase classname="testBase.BaseClass" name="@AfterClass tearDown" time="0.009">
    <failure type="java.lang.NullPointerException" message="Cannot invoke &amp;quot;org.openqa.selenium.WebDriver.quit()&amp;quot; because &amp;quot;this.driver&amp;quot; is null">
      <![CDATA[java.lang.NullPointerException: Cannot invoke "org.openqa.selenium.WebDriver.quit()" because "this.driver" is null
at testBase.BaseClass.tearDown(BaseClass.java:54)
at java.base/java.util.ArrayList.forEach(ArrayList.java:1511)
... Removed 26 stack frames]]>
    </failure>
  </testcase> <!-- @AfterClass tearDown -->
  <testcase classname="testCases.TC002_FillLoginDetailsTest" name="fillLogin" time="0.021">
    <failure type="java.lang.NullPointerException" message="Cannot invoke &amp;quot;org.apache.logging.log4j.Logger.info(String)&amp;quot; because &amp;quot;this.logger&amp;quot; is null">
      <![CDATA[java.lang.NullPointerException: Cannot invoke "org.apache.logging.log4j.Logger.info(String)" because "this.logger" is null
at testCases.TC002_FillLoginDetailsTest.fillLogin(TC002_FillLoginDetailsTest.java:16)
at java.base/java.util.ArrayList.forEach(ArrayList.java:1511)
... Removed 27 stack frames]]>
    </failure>
  </testcase> <!-- fillLogin -->
  <testcase classname="testCases.TC001_AccountRegistrationTest" name="fill_Details" time="0.0">
    <ignored/>
  </testcase> <!-- fill_Details -->
</testsuite> <!-- Test -->
