<?xml version="1.0" encoding="UTF-8"?>
<!-- Generated by org.testng.reporters.JUnitXMLReporter -->
<testsuite ignored="0" hostname="DESKTOP-B747MDQ" failures="1" tests="4" name="Test" time="796.142" errors="0" timestamp="2025-04-25T17:33:32 IST">
  <testcase classname="testCases.TC003_LoginTestDDT" name="verify_loginDDT" time="3.211"/>
  <testcase classname="testCases.TC003_LoginTestDDT" name="verify_loginDDT" time="10.104">
    <failure type="java.lang.AssertionError" message="null">
      <![CDATA[java.lang.AssertionError: null
at testCases.TC003_LoginTestDDT.verify_loginDDT(TC003_LoginTestDDT.java:84)
at java.base/java.util.ArrayList.forEach(ArrayList.java:1511)
... Removed 29 stack frames]]>
    </failure>
  </testcase> <!-- verify_loginDDT -->
  <testcase classname="testCases.TC003_LoginTestDDT" name="verify_loginDDT" time="16.652"/>
  <testcase classname="testCases.TC003_LoginTestDDT" name="verify_loginDDT" time="184.286"/>
</testsuite> <!-- Test -->
