<?xml version="1.0" encoding="UTF-8"?>
<!-- Generated by org.testng.reporters.JUnitXMLReporter -->
<testsuite ignored="0" hostname="DESKTOP-B747MDQ" failures="4" tests="6" name="Test(failed)" time="158.571" errors="0" timestamp="2025-04-23T18:52:09 IST">
  <testcase classname="testCases.TC003_LoginTestDDT" name="verify_loginDDT" time="2.993"/>
  <testcase classname="testCases.TC003_LoginTestDDT" name="verify_loginDDT" time="145.687"/>
  <testcase classname="testCases.TC003_LoginTestDDT" name="verify_loginDDT" time="0.018">
    <failure type="java.lang.AssertionError" message="null">
      <![CDATA[java.lang.AssertionError: null
at testCases.TC003_LoginTestDDT.verify_loginDDT(TC003_LoginTestDDT.java:85)
at java.base/java.util.ArrayList.forEach(ArrayList.java:1511)
... Removed 29 stack frames]]>
    </failure>
  </testcase> <!-- verify_loginDDT -->
  <testcase classname="testCases.TC003_LoginTestDDT" name="verify_loginDDT" time="0.008">
    <failure type="java.lang.AssertionError" message="null">
      <![CDATA[java.lang.AssertionError: null
at testCases.TC003_LoginTestDDT.verify_loginDDT(TC003_LoginTestDDT.java:85)
at java.base/java.util.ArrayList.forEach(ArrayList.java:1511)
... Removed 29 stack frames]]>
    </failure>
  </testcase> <!-- verify_loginDDT -->
  <testcase classname="testCases.TC003_LoginTestDDT" name="verify_loginDDT" time="0.011">
    <failure type="java.lang.AssertionError" message="null">
      <![CDATA[java.lang.AssertionError: null
at testCases.TC003_LoginTestDDT.verify_loginDDT(TC003_LoginTestDDT.java:85)
at java.base/java.util.ArrayList.forEach(ArrayList.java:1511)
... Removed 29 stack frames]]>
    </failure>
  </testcase> <!-- verify_loginDDT -->
  <testcase classname="testCases.TC003_LoginTestDDT" name="verify_loginDDT" time="0.01">
    <failure type="java.lang.AssertionError" message="null">
      <![CDATA[java.lang.AssertionError: null
at testCases.TC003_LoginTestDDT.verify_loginDDT(TC003_LoginTestDDT.java:85)
at java.base/java.util.ArrayList.forEach(ArrayList.java:1511)
... Removed 29 stack frames]]>
    </failure>
  </testcase> <!-- verify_loginDDT -->
</testsuite> <!-- Test(failed) -->
