<?xml version="1.0" encoding="UTF-8"?>
<!-- Generated by org.testng.reporters.JUnitXMLReporter -->
<testsuite ignored="0" hostname="DESKTOP-B747MDQ" failures="1" tests="2" name="Test(failed)(failed)(failed)(failed)" time="57.511" errors="0" timestamp="2025-04-23T19:01:46 IST">
  <testcase classname="testCases.TC003_LoginTestDDT" name="verify_loginDDT" time="47.055"/>
  <testcase classname="testCases.TC003_LoginTestDDT" name="verify_loginDDT" time="0.079">
    <failure type="java.lang.AssertionError" message="null">
      <![CDATA[java.lang.AssertionError: null
at testCases.TC003_LoginTestDDT.verify_loginDDT(TC003_LoginTestDDT.java:84)
at java.base/java.util.ArrayList.forEach(ArrayList.java:1511)
... Removed 29 stack frames]]>
    </failure>
  </testcase> <!-- verify_loginDDT -->
</testsuite> <!-- Test(failed)(failed)(failed)(failed) -->
