<?xml version="1.0" encoding="UTF-8"?>
<!-- Generated by org.testng.reporters.JUnitXMLReporter -->
<testsuite ignored="0" hostname="DESKTOP-B747MDQ" failures="1" tests="6" name="Test" time="66.138" errors="0" timestamp="2025-04-23T18:47:53 IST">
  <testcase classname="testCases.TC001_AccountRegistrationTest" name="fill_Details" time="4.285"/>
  <testcase classname="testCases.TC002_FillLoginDetailsTest" name="fillLogin" time="2.643"/>
  <testcase classname="testCases.TC003_LoginTestDDT" name="verify_loginDDT" time="2.852"/>
  <testcase classname="testCases.TC003_LoginTestDDT" name="verify_loginDDT" time="4.283">
    <failure type="java.lang.AssertionError" message="null">
      <![CDATA[java.lang.AssertionError: null
at testCases.TC003_LoginTestDDT.verify_loginDDT(TC003_LoginTestDDT.java:85)
at java.base/java.util.ArrayList.forEach(ArrayList.java:1511)
... Removed 29 stack frames]]>
    </failure>
  </testcase> <!-- verify_loginDDT -->
  <testcase classname="testCases.TC003_LoginTestDDT" name="verify_loginDDT" time="4.098"/>
  <testcase classname="testCases.TC003_LoginTestDDT" name="verify_loginDDT" time="30.691"/>
</testsuite> <!-- Test -->
